2023-12-22 18:29:15 | INFO    | __main__:stash:131 | run - {'image': '20231121', 'version': '0.10.1.post2', 'role': 'EpicPlayer', 'headless': True}
2023-12-22 18:29:24 | INFO    | __main__:claim_epic_games:97 | Try to flush cookie - {'task': 'claim_epic_games'}
2023-12-22 18:29:27 | INFO    | epic_games.agent:_login:237 | login-with-email - {'url': 'https://www.epicgames.com/id/login?lang=en-US&noHostRedirect=true&redirectUrl=https://store.epicgames.com/en-US/free-games'}
2023-12-22 18:29:31 | DEBUG    | epic_games.agent:insert_challenge:215 | Attack challenge - {'stage': 'email_exists_prod'}
2023-12-22 18:29:31 | DEBUG    | hcaptcha_challenger.agents.playwright.control:_parse_label:241 | get task - {'prompt': 'Please click on all images containing liquid water.'}
2023-12-22 18:29:32 | DEBUG    | hcaptcha_challenger.agents.playwright.control:_catch_all_binary_challenge:474 | handle task - {'unsupervised': 'binary', 'candidate_labels': ['This is a picture that looks like liquid water.', "This is a picture that don't look like liquid water."], 'prompt': 'Please click on all images containing liquid water.', 'timit': '0.978s'}
2023-12-22 18:29:43 | DEBUG    | epic_games.agent:insert_challenge:218 | Parse result - {'stage': 'email_exists_prod', 'result': <Status.CHALLENGE_RETRY: 'retry'>}
2023-12-22 18:29:55 | DEBUG    | hcaptcha_challenger.agents.playwright.control:_parse_label:241 | get task - {'prompt': 'Please click on all images containing liquid water.'}
2023-12-22 18:29:55 | DEBUG    | hcaptcha_challenger.agents.playwright.control:_catch_all_binary_challenge:474 | handle task - {'unsupervised': 'binary', 'candidate_labels': ['This is a picture that looks like liquid water.', "This is a picture that don't look like liquid water."], 'prompt': 'Please click on all images containing liquid water.', 'timit': '0.740s'}
2023-12-22 18:30:06 | DEBUG    | epic_games.agent:insert_challenge:218 | Parse result - {'stage': 'email_exists_prod', 'result': <Status.CHALLENGE_RETRY: 'retry'>}
2023-12-22 18:30:14 | DEBUG    | hcaptcha_challenger.agents.playwright.control:_parse_label:241 | get task - {'prompt': 'Please click on all images containing liquid water.'}
2023-12-22 18:30:14 | DEBUG    | hcaptcha_challenger.agents.playwright.control:_catch_all_binary_challenge:474 | handle task - {'unsupervised': 'binary', 'candidate_labels': ['This is a picture that looks like liquid water.', "This is a picture that don't look like liquid water."], 'prompt': 'Please click on all images containing liquid water.', 'timit': '0.709s'}
2023-12-22 18:30:27 | DEBUG    | epic_games.agent:insert_challenge:218 | Parse result - {'stage': 'email_exists_prod', 'result': <Status.CHALLENGE_RETRY: 'retry'>}
2023-12-22 18:30:30 | DEBUG    | hcaptcha_challenger.agents.playwright.control:_parse_label:241 | get task - {'prompt': 'Please click on all images containing liquid water.'}
2023-12-22 18:30:30 | DEBUG    | hcaptcha_challenger.agents.playwright.control:_catch_all_binary_challenge:474 | handle task - {'unsupervised': 'binary', 'candidate_labels': ['This is a picture that looks like liquid water.', "This is a picture that don't look like liquid water."], 'prompt': 'Please click on all images containing liquid water.', 'timit': '0.694s'}
2023-12-22 18:30:42 | DEBUG    | epic_games.agent:insert_challenge:218 | Parse result - {'stage': 'email_exists_prod', 'result': <Status.CHALLENGE_RETRY: 'retry'>}
2023-12-22 18:30:48 | DEBUG    | hcaptcha_challenger.agents.playwright.control:_parse_label:241 | get task - {'prompt': 'Please click on all images containing liquid water.'}
2023-12-22 18:30:48 | DEBUG    | hcaptcha_challenger.agents.playwright.control:_catch_all_binary_challenge:474 | handle task - {'unsupervised': 'binary', 'candidate_labels': ['This is a picture that looks like liquid water.', "This is a picture that don't look like liquid water."], 'prompt': 'Please click on all images containing liquid water.', 'timit': '0.682s'}
2023-12-22 18:31:04 | DEBUG    | epic_games.agent:insert_challenge:218 | Parse result - {'stage': 'email_exists_prod', 'result': <Status.CHALLENGE_RETRY: 'retry'>}
2023-12-22 18:31:08 | DEBUG    | hcaptcha_challenger.agents.playwright.control:_parse_label:241 | get task - {'prompt': 'Please click on all images containing liquid water.'}
2023-12-22 18:31:09 | DEBUG    | hcaptcha_challenger.agents.playwright.control:_catch_all_binary_challenge:474 | handle task - {'unsupervised': 'binary', 'candidate_labels': ['This is a picture that looks like liquid water.', "This is a picture that don't look like liquid water."], 'prompt': 'Please click on all images containing liquid water.', 'timit': '0.710s'}
2023-12-22 18:31:21 | DEBUG    | epic_games.agent:insert_challenge:218 | Parse result - {'stage': 'email_exists_prod', 'result': <Status.CHALLENGE_RETRY: 'retry'>}
2023-12-22 18:31:24 | DEBUG    | hcaptcha_challenger.agents.playwright.control:_parse_label:241 | get task - {'prompt': 'Please click on all images containing liquid water.'}
2023-12-22 18:31:24 | DEBUG    | hcaptcha_challenger.agents.playwright.control:_catch_all_binary_challenge:474 | handle task - {'unsupervised': 'binary', 'candidate_labels': ['This is a picture that looks like liquid water.', "This is a picture that don't look like liquid water."], 'prompt': 'Please click on all images containing liquid water.', 'timit': '0.690s'}
2023-12-22 18:31:35 | DEBUG    | epic_games.agent:insert_challenge:218 | Parse result - {'stage': 'email_exists_prod', 'result': <Status.CHALLENGE_RETRY: 'retry'>}
2023-12-22 18:31:39 | DEBUG    | hcaptcha_challenger.agents.playwright.control:_parse_label:241 | get task - {'prompt': 'Please click on all images containing liquid water.'}
2023-12-22 18:31:39 | DEBUG    | hcaptcha_challenger.agents.playwright.control:_catch_all_binary_challenge:474 | handle task - {'unsupervised': 'binary', 'candidate_labels': ['This is a picture that looks like liquid water.', "This is a picture that don't look like liquid water."], 'prompt': 'Please click on all images containing liquid water.', 'timit': '0.713s'}
2023-12-22 18:31:50 | DEBUG    | epic_games.agent:insert_challenge:218 | Parse result - {'stage': 'email_exists_prod', 'result': <Status.CHALLENGE_RETRY: 'retry'>}
2023-12-22 18:31:58 | DEBUG    | hcaptcha_challenger.agents.playwright.control:_parse_label:241 | get task - {'prompt': 'Please click on all images containing liquid water.'}
2023-12-22 18:31:59 | DEBUG    | hcaptcha_challenger.agents.playwright.control:_catch_all_binary_challenge:474 | handle task - {'unsupervised': 'binary', 'candidate_labels': ['This is a picture that looks like liquid water.', "This is a picture that don't look like liquid water."], 'prompt': 'Please click on all images containing liquid water.', 'timit': '0.688s'}
2023-12-22 18:32:10 | DEBUG    | epic_games.agent:insert_challenge:218 | Parse result - {'stage': 'email_exists_prod', 'result': <Status.CHALLENGE_RETRY: 'retry'>}
2023-12-22 18:32:13 | DEBUG    | hcaptcha_challenger.agents.playwright.control:_parse_label:241 | get task - {'prompt': 'Please click on all images containing liquid water.'}
2023-12-22 18:32:14 | DEBUG    | hcaptcha_challenger.agents.playwright.control:_catch_all_binary_challenge:474 | handle task - {'unsupervised': 'binary', 'candidate_labels': ['This is a picture that looks like liquid water.', "This is a picture that don't look like liquid water."], 'prompt': 'Please click on all images containing liquid water.', 'timit': '0.680s'}
2023-12-22 18:32:27 | DEBUG    | epic_games.agent:insert_challenge:218 | Parse result - {'stage': 'email_exists_prod', 'result': <Status.CHALLENGE_RETRY: 'retry'>}
2023-12-22 18:32:30 | DEBUG    | hcaptcha_challenger.agents.playwright.control:_parse_label:241 | get task - {'prompt': "Please click on the cow's nose"}
2023-12-22 18:32:44 | DEBUG    | epic_games.agent:insert_challenge:218 | Parse result - {'stage': 'email_exists_prod', 'result': <Status.CHALLENGE_RETRY: 'retry'>}
2023-12-22 18:32:49 | DEBUG    | hcaptcha_challenger.agents.playwright.control:_parse_label:241 | get task - {'prompt': 'Please click on someone who usually wears a crown'}
2023-12-22 18:32:50 | DEBUG    | hcaptcha_challenger.agents.playwright.control:_catch_all_binary_challenge:474 | handle task - {'unsupervised': 'binary', 'candidate_labels': ['This is a picture that looks like please click on someone who usually wears a crown.', "This is a picture that don't look like please click on someone who usually wears a crown."], 'prompt': 'Please click on someone who usually wears a crown', 'timit': '0.725s'}
2023-12-22 18:33:01 | DEBUG    | epic_games.agent:insert_challenge:218 | Parse result - {'stage': 'email_exists_prod', 'result': <Status.CHALLENGE_RETRY: 'retry'>}
2023-12-22 18:33:06 | DEBUG    | hcaptcha_challenger.agents.playwright.control:_parse_label:241 | get task - {'prompt': 'Please click on all images containing liquid water.'}
2023-12-22 18:33:07 | DEBUG    | hcaptcha_challenger.agents.playwright.control:_catch_all_binary_challenge:474 | handle task - {'unsupervised': 'binary', 'candidate_labels': ['This is a picture that looks like liquid water.', "This is a picture that don't look like liquid water."], 'prompt': 'Please click on all images containing liquid water.', 'timit': '0.710s'}
2023-12-22 18:33:18 | DEBUG    | epic_games.agent:insert_challenge:218 | Parse result - {'stage': 'email_exists_prod', 'result': <Status.CHALLENGE_RETRY: 'retry'>}
2023-12-22 18:33:21 | DEBUG    | hcaptcha_challenger.agents.playwright.control:_parse_label:241 | get task - {'prompt': 'Please click on all images containing liquid water.'}
2023-12-22 18:33:22 | DEBUG    | hcaptcha_challenger.agents.playwright.control:_catch_all_binary_challenge:474 | handle task - {'unsupervised': 'binary', 'candidate_labels': ['This is a picture that looks like liquid water.', "This is a picture that don't look like liquid water."], 'prompt': 'Please click on all images containing liquid water.', 'timit': '0.693s'}
2023-12-22 18:33:33 | DEBUG    | epic_games.agent:insert_challenge:218 | Parse result - {'stage': 'email_exists_prod', 'result': <Status.CHALLENGE_RETRY: 'retry'>}
2023-12-22 18:33:36 | DEBUG    | hcaptcha_challenger.agents.playwright.control:_parse_label:241 | get task - {'prompt': 'Please click on all images containing liquid water.'}
2023-12-22 18:33:37 | DEBUG    | hcaptcha_challenger.agents.playwright.control:_catch_all_binary_challenge:474 | handle task - {'unsupervised': 'binary', 'candidate_labels': ['This is a picture that looks like liquid water.', "This is a picture that don't look like liquid water."], 'prompt': 'Please click on all images containing liquid water.', 'timit': '0.753s'}
2023-12-22 18:33:48 | DEBUG    | epic_games.agent:insert_challenge:218 | Parse result - {'stage': 'email_exists_prod', 'result': <Status.CHALLENGE_RETRY: 'retry'>}
2023-12-22 18:34:18 | WARNING    | epic_games.agent:authorize:266 | 执行超时 - {'task': 'authorize', 'retry': 0}
2023-12-22 18:34:21 | INFO    | epic_games.agent:_login:237 | login-with-email - {'url': 'https://www.epicgames.com/id/login?lang=en-US&noHostRedirect=true&redirectUrl=https://store.epicgames.com/en-US/free-games'}
2023-12-22 18:34:25 | DEBUG    | epic_games.agent:insert_challenge:215 | Attack challenge - {'stage': 'email_exists_prod'}
2023-12-22 18:34:25 | DEBUG    | hcaptcha_challenger.agents.playwright.control:_parse_label:241 | get task - {'prompt': 'Please click on all images containing liquid water.'}
2023-12-22 18:34:25 | DEBUG    | hcaptcha_challenger.agents.playwright.control:_catch_all_binary_challenge:474 | handle task - {'unsupervised': 'binary', 'candidate_labels': ['This is a picture that looks like liquid water.', "This is a picture that don't look like liquid water."], 'prompt': 'Please click on all images containing liquid water.', 'timit': '0.703s'}
2023-12-22 18:34:36 | DEBUG    | epic_games.agent:insert_challenge:218 | Parse result - {'stage': 'email_exists_prod', 'result': <Status.CHALLENGE_RETRY: 'retry'>}
2023-12-22 18:34:39 | DEBUG    | hcaptcha_challenger.agents.playwright.control:_parse_label:241 | get task - {'prompt': 'Please click on all images containing liquid water.'}
2023-12-22 18:34:40 | DEBUG    | hcaptcha_challenger.agents.playwright.control:_catch_all_binary_challenge:474 | handle task - {'unsupervised': 'binary', 'candidate_labels': ['This is a picture that looks like liquid water.', "This is a picture that don't look like liquid water."], 'prompt': 'Please click on all images containing liquid water.', 'timit': '0.672s'}
2023-12-22 18:34:56 | DEBUG    | epic_games.agent:insert_challenge:218 | Parse result - {'stage': 'email_exists_prod', 'result': <Status.CHALLENGE_RETRY: 'retry'>}
2023-12-22 18:35:00 | DEBUG    | hcaptcha_challenger.agents.playwright.control:_parse_label:241 | get task - {'prompt': 'Please click on all images containing liquid water.'}
2023-12-22 18:35:00 | DEBUG    | hcaptcha_challenger.agents.playwright.control:_catch_all_binary_challenge:474 | handle task - {'unsupervised': 'binary', 'candidate_labels': ['This is a picture that looks like liquid water.', "This is a picture that don't look like liquid water."], 'prompt': 'Please click on all images containing liquid water.', 'timit': '0.716s'}
2023-12-22 18:35:14 | DEBUG    | epic_games.agent:insert_challenge:218 | Parse result - {'stage': 'email_exists_prod', 'result': <Status.CHALLENGE_RETRY: 'retry'>}
2023-12-22 18:35:18 | DEBUG    | hcaptcha_challenger.agents.playwright.control:_parse_label:241 | get task - {'prompt': 'Please click on all images containing liquid water.'}
2023-12-22 18:35:18 | DEBUG    | hcaptcha_challenger.agents.playwright.control:_catch_all_binary_challenge:474 | handle task - {'unsupervised': 'binary', 'candidate_labels': ['This is a picture that looks like liquid water.', "This is a picture that don't look like liquid water."], 'prompt': 'Please click on all images containing liquid water.', 'timit': '0.633s'}
2023-12-22 18:35:30 | DEBUG    | epic_games.agent:insert_challenge:218 | Parse result - {'stage': 'email_exists_prod', 'result': <Status.CHALLENGE_RETRY: 'retry'>}
2023-12-22 18:35:33 | DEBUG    | hcaptcha_challenger.agents.playwright.control:_parse_label:241 | get task - {'prompt': 'Please click on all images containing liquid water.'}
2023-12-22 18:35:34 | DEBUG    | hcaptcha_challenger.agents.playwright.control:_catch_all_binary_challenge:474 | handle task - {'unsupervised': 'binary', 'candidate_labels': ['This is a picture that looks like liquid water.', "This is a picture that don't look like liquid water."], 'prompt': 'Please click on all images containing liquid water.', 'timit': '0.674s'}
2023-12-22 18:35:48 | DEBUG    | epic_games.agent:insert_challenge:218 | Parse result - {'stage': 'email_exists_prod', 'result': <Status.CHALLENGE_RETRY: 'retry'>}
2023-12-22 18:35:51 | DEBUG    | hcaptcha_challenger.agents.playwright.control:_parse_label:241 | get task - {'prompt': 'Please click on all images containing liquid water.'}
2023-12-22 18:35:52 | DEBUG    | hcaptcha_challenger.agents.playwright.control:_catch_all_binary_challenge:474 | handle task - {'unsupervised': 'binary', 'candidate_labels': ['This is a picture that looks like liquid water.', "This is a picture that don't look like liquid water."], 'prompt': 'Please click on all images containing liquid water.', 'timit': '0.730s'}
2023-12-22 18:36:05 | DEBUG    | epic_games.agent:insert_challenge:218 | Parse result - {'stage': 'email_exists_prod', 'result': <Status.CHALLENGE_RETRY: 'retry'>}
2023-12-22 18:36:14 | DEBUG    | hcaptcha_challenger.agents.playwright.control:_parse_label:241 | get task - {'prompt': 'Please click on all images containing liquid water.'}
2023-12-22 18:36:15 | DEBUG    | hcaptcha_challenger.agents.playwright.control:_catch_all_binary_challenge:474 | handle task - {'unsupervised': 'binary', 'candidate_labels': ['This is a picture that looks like liquid water.', "This is a picture that don't look like liquid water."], 'prompt': 'Please click on all images containing liquid water.', 'timit': '0.659s'}
2023-12-22 18:36:28 | DEBUG    | epic_games.agent:insert_challenge:218 | Parse result - {'stage': 'email_exists_prod', 'result': <Status.CHALLENGE_RETRY: 'retry'>}
2023-12-22 18:36:32 | DEBUG    | hcaptcha_challenger.agents.playwright.control:_parse_label:241 | get task - {'prompt': 'Please click on all images containing liquid water.'}
2023-12-22 18:36:32 | DEBUG    | hcaptcha_challenger.agents.playwright.control:_catch_all_binary_challenge:474 | handle task - {'unsupervised': 'binary', 'candidate_labels': ['This is a picture that looks like liquid water.', "This is a picture that don't look like liquid water."], 'prompt': 'Please click on all images containing liquid water.', 'timit': '0.686s'}
2023-12-22 18:36:45 | DEBUG    | epic_games.agent:insert_challenge:218 | Parse result - {'stage': 'email_exists_prod', 'result': <Status.CHALLENGE_RETRY: 'retry'>}
2023-12-22 18:36:48 | DEBUG    | hcaptcha_challenger.agents.playwright.control:_parse_label:241 | get task - {'prompt': 'Please click on all images containing liquid water.'}
2023-12-22 18:36:49 | DEBUG    | hcaptcha_challenger.agents.playwright.control:_catch_all_binary_challenge:474 | handle task - {'unsupervised': 'binary', 'candidate_labels': ['This is a picture that looks like liquid water.', "This is a picture that don't look like liquid water."], 'prompt': 'Please click on all images containing liquid water.', 'timit': '0.710s'}
2023-12-22 18:37:02 | DEBUG    | epic_games.agent:insert_challenge:218 | Parse result - {'stage': 'email_exists_prod', 'result': <Status.CHALLENGE_RETRY: 'retry'>}
2023-12-22 18:37:04 | DEBUG    | hcaptcha_challenger.agents.playwright.control:_parse_label:241 | get task - {'prompt': 'Please click on all images containing liquid water.'}
2023-12-22 18:37:05 | DEBUG    | hcaptcha_challenger.agents.playwright.control:_catch_all_binary_challenge:474 | handle task - {'unsupervised': 'binary', 'candidate_labels': ['This is a picture that looks like liquid water.', "This is a picture that don't look like liquid water."], 'prompt': 'Please click on all images containing liquid water.', 'timit': '0.687s'}
2023-12-22 18:37:19 | DEBUG    | epic_games.agent:insert_challenge:218 | Parse result - {'stage': 'email_exists_prod', 'result': <Status.CHALLENGE_RETRY: 'retry'>}
2023-12-22 18:37:23 | DEBUG    | hcaptcha_challenger.agents.playwright.control:_parse_label:241 | get task - {'prompt': 'Please click on all images containing liquid water.'}
2023-12-22 18:37:24 | DEBUG    | hcaptcha_challenger.agents.playwright.control:_catch_all_binary_challenge:474 | handle task - {'unsupervised': 'binary', 'candidate_labels': ['This is a picture that looks like liquid water.', "This is a picture that don't look like liquid water."], 'prompt': 'Please click on all images containing liquid water.', 'timit': '0.720s'}
2023-12-22 18:37:36 | DEBUG    | epic_games.agent:insert_challenge:218 | Parse result - {'stage': 'email_exists_prod', 'result': <Status.CHALLENGE_RETRY: 'retry'>}
2023-12-22 18:37:44 | DEBUG    | hcaptcha_challenger.agents.playwright.control:_parse_label:241 | get task - {'prompt': 'Please click on all images containing liquid water.'}
2023-12-22 18:37:45 | DEBUG    | hcaptcha_challenger.agents.playwright.control:_catch_all_binary_challenge:474 | handle task - {'unsupervised': 'binary', 'candidate_labels': ['This is a picture that looks like liquid water.', "This is a picture that don't look like liquid water."], 'prompt': 'Please click on all images containing liquid water.', 'timit': '0.684s'}
2023-12-22 18:37:56 | DEBUG    | epic_games.agent:insert_challenge:218 | Parse result - {'stage': 'email_exists_prod', 'result': <Status.CHALLENGE_RETRY: 'retry'>}
2023-12-22 18:38:03 | DEBUG    | hcaptcha_challenger.agents.playwright.control:_parse_label:241 | get task - {'prompt': 'Please click on all images containing a liquid.'}
2023-12-22 18:38:04 | DEBUG    | hcaptcha_challenger.agents.playwright.control:_catch_all_binary_challenge:474 | handle task - {'unsupervised': 'binary', 'candidate_labels': ['This is a picture that looks like liquid.', "This is a picture that don't look like liquid."], 'prompt': 'Please click on all images containing a liquid.', 'timit': '0.704s'}
2023-12-22 18:38:16 | DEBUG    | epic_games.agent:insert_challenge:218 | Parse result - {'stage': 'email_exists_prod', 'result': <Status.CHALLENGE_RETRY: 'retry'>}
2023-12-22 18:38:19 | DEBUG    | hcaptcha_challenger.agents.playwright.control:_parse_label:241 | get task - {'prompt': 'Please click on all images containing liquid water.'}
2023-12-22 18:38:20 | DEBUG    | hcaptcha_challenger.agents.playwright.control:_catch_all_binary_challenge:474 | handle task - {'unsupervised': 'binary', 'candidate_labels': ['This is a picture that looks like liquid water.', "This is a picture that don't look like liquid water."], 'prompt': 'Please click on all images containing liquid water.', 'timit': '0.696s'}
2023-12-22 18:38:38 | DEBUG    | epic_games.agent:insert_challenge:218 | Parse result - {'stage': 'email_exists_prod', 'result': <Status.CHALLENGE_RETRY: 'retry'>}
2023-12-22 18:38:41 | DEBUG    | hcaptcha_challenger.agents.playwright.control:_parse_label:241 | get task - {'prompt': 'Please click on all images containing liquid water.'}
2023-12-22 18:38:42 | DEBUG    | hcaptcha_challenger.agents.playwright.control:_catch_all_binary_challenge:474 | handle task - {'unsupervised': 'binary', 'candidate_labels': ['This is a picture that looks like liquid water.', "This is a picture that don't look like liquid water."], 'prompt': 'Please click on all images containing liquid water.', 'timit': '0.692s'}
2023-12-22 18:38:54 | DEBUG    | epic_games.agent:insert_challenge:218 | Parse result - {'stage': 'email_exists_prod', 'result': <Status.CHALLENGE_RETRY: 'retry'>}
2023-12-22 18:39:24 | WARNING    | epic_games.agent:authorize:266 | 执行超时 - {'task': 'authorize', 'retry': 1}
